<?xml version="1.0" encoding="UTF-8"?>
<testng-results skipped="0" failed="0" ignored="0" total="1" passed="1">
  <reporter-output>
  </reporter-output>
  <suite name="Default suite" duration-ms="22488" started-at="2020-12-12T02:55:23 IST" finished-at="2020-12-12T02:55:46 IST">
    <groups>
    </groups>
    <test name="Default test" duration-ms="22488" started-at="2020-12-12T02:55:23 IST" finished-at="2020-12-12T02:55:46 IST">
      <class name="testcases.Loginapplication">
        <test-method status="PASS" signature="initialize()[pri:0, instance:testcases.Loginapplication@3b084709]" name="initialize" is-config="true" duration-ms="4833" started-at="2020-12-12T02:55:23 IST" finished-at="2020-12-12T02:55:28 IST">
          <reporter-output>
          </reporter-output>
        </test-method> <!-- initialize -->
        <test-method status="PASS" signature="login()[pri:0, instance:testcases.Loginapplication@3b084709]" name="login" duration-ms="17348" started-at="2020-12-12T02:55:28 IST" finished-at="2020-12-12T02:55:46 IST">
          <reporter-output>
          </reporter-output>
        </test-method> <!-- login -->
        <test-method status="PASS" signature="tearDown()[pri:0, instance:testcases.Loginapplication@3b084709]" name="tearDown" is-config="true" duration-ms="239" started-at="2020-12-12T02:55:46 IST" finished-at="2020-12-12T02:55:46 IST">
          <reporter-output>
          </reporter-output>
        </test-method> <!-- tearDown -->
      </class> <!-- testcases.Loginapplication -->
    </test> <!-- Default test -->
  </suite> <!-- Default suite -->
</testng-results>
